nohup: ignoring input

> frontend@0.0.0 dev
> vite

Port 5173 is in use, trying another one...
Port 5174 is in use, trying another one...

  VITE v6.2.0  ready in 321 ms

  ➜  Local:   http://localhost:5175/
  ➜  Network: use --host to expose
Browserslist: browsers data (caniuse-lite) is 9 months old. Please run:
  npx update-browserslist-db@latest
  Why you should do it regularly: https://github.com/browserslist/update-db#readme
6:02:40 AM [vite] (client) page reload src/main.jsx
6:02:49 AM [vite] (client) hmr update /src/components/Navbar.jsx, /src/index.css
6:05:35 AM [vite] (client) hmr update /src/components/ProductItem.jsx, /src/index.css
6:12:32 AM [vite] (client) hmr update /src/components/Footer.jsx, /src/index.css
6:17:27 AM [vite] (client) hmr update /src/Pages/Requests.jsx, /src/index.css
6:17:27 AM [vite] (client) hmr update /src/components/Navbar.jsx, /src/index.css
6:17:27 AM [vite] (client) hmr update /src/components/Footer.jsx, /src/index.css
6:17:27 AM [vite] (client) hmr update /src/Pages/Product.jsx, /src/index.css
6:17:27 AM [vite] (client) hmr update /src/Pages/Collection.jsx, /src/index.css, /src/Pages/About.jsx, /src/Pages/Contact.jsx, /src/Pages/Cart.jsx, /src/Pages/PlaceOrder.jsx, /src/components/Navbar.jsx, /src/components/Footer.jsx, /src/components/SearchBar.jsx, /src/components/Hero.jsx, /src/components/OurPolicy.jsx, /src/components/ProductItem.jsx
6:17:27 AM [vite] (client) hmr update /src/Pages/Collection.jsx, /src/index.css, /src/Pages/About.jsx, /src/Pages/Contact.jsx, /src/Pages/Cart.jsx, /src/Pages/PlaceOrder.jsx, /src/components/Navbar.jsx, /src/components/Footer.jsx, /src/components/SearchBar.jsx, /src/components/Hero.jsx, /src/components/OurPolicy.jsx, /src/components/ProductItem.jsx
6:17:27 AM [vite] (client) hmr update /src/components/ErrorBoundary.jsx, /src/index.css
6:17:27 AM [vite] (client) page reload src/main.jsx
6:17:27 AM [vite] (client) hmr update /src/components/ProductItem.jsx, /src/index.css
6:17:30 AM [vite] (client) hmr update /src/Pages/About.jsx, /src/index.css
6:17:39 AM [vite] (client) hmr update /src/components/Footer.jsx, /src/index.css
6:17:48 AM [vite] (client) hmr update /src/components/LatestCollection.jsx, /src/index.css
6:17:57 AM [vite] (client) hmr update /src/components/BestSeller.jsx, /src/index.css
6:18:05 AM [vite] (client) hmr update /src/components/NewsletterBox.jsx, /src/index.css
6:18:33 AM [vite] (client) hmr update /src/Pages/Profile.jsx, /src/index.css
6:28:28 AM [vite] (client) hmr update /src/Pages/NewListing.jsx, /src/index.css
6:28:34 AM [vite] (client) hmr update /src/Pages/Product.jsx, /src/index.css, /src/Pages/NewListing.jsx, /src/Pages/Requests.jsx
6:40:54 AM [vite] (client) hmr update /src/Pages/NewListing.jsx, /src/index.css
6:41:12 AM [vite] (client) hmr update /src/components/ProductItem.jsx, /src/index.css
6:50:42 AM [vite] (client) hmr update /src/Pages/Product.jsx, /src/index.css
6:54:23 AM [vite] (client) hmr update /src/Pages/Profile.jsx, /src/index.css
6:57:57 AM [vite] (client) hmr update /src/Pages/Product.jsx, /src/index.css, /src/Pages/NewListing.jsx, /src/Pages/Requests.jsx
6:58:24 AM [vite] (client) hmr update /src/Pages/NewListing.jsx, /src/index.css
7:00:52 AM [vite] (client) hmr update /src/Pages/Profile.jsx, /src/index.css
7:01:00 AM [vite] (client) hmr update /src/Pages/Profile.jsx, /src/index.css
7:01:22 AM [vite] (client) hmr update /src/Pages/Profile.jsx, /src/index.css
7:01:34 AM [vite] (client) hmr update /src/Pages/Profile.jsx, /src/index.css
7:01:59 AM [vite] (client) hmr update /src/Pages/NewListing.jsx, /src/index.css
7:03:07 AM [vite] (client) hmr update /src/Pages/Product.jsx, /src/index.css
7:03:15 AM [vite] (client) hmr update /src/components/ProductItem.jsx, /src/index.css
7:06:05 AM [vite] (client) hmr update /src/components/Footer.jsx, /src/index.css
7:06:12 AM [vite] (client) hmr update /src/components/Footer.jsx, /src/index.css
7:06:23 AM [vite] (client) hmr update /src/App.jsx, /src/index.css
7:06:30 AM [vite] (client) hmr update /src/App.jsx, /src/index.css
7:07:08 AM [vite] (client) hmr update /src/Pages/Profile.jsx, /src/index.css
7:07:36 AM [vite] (client) hmr update /src/Pages/Home.jsx, /src/index.css
8:53:05 AM [vite] (client) hmr update /src/Pages/Product.jsx, /src/index.css, /src/Pages/NewListing.jsx, /src/Pages/Requests.jsx
8:53:05 AM [vite] (client) hmr update /src/Pages/NewListing.jsx, /src/index.css
8:53:05 AM [vite] (client) hmr update /src/App.jsx, /src/index.css
8:53:05 AM [vite] (client) hmr update /src/Pages/Profile.jsx, /src/index.css
8:53:05 AM [vite] (client) hmr update /src/components/Footer.jsx, /src/index.css
8:53:05 AM [vite] (client) hmr update /src/components/BestSeller.jsx, /src/index.css
8:53:05 AM [vite] (client) hmr update /src/components/LatestCollection.jsx, /src/index.css
8:53:06 AM [vite] (client) hmr update /src/components/NewsletterBox.jsx, /src/index.css
8:53:06 AM [vite] (client) hmr update /src/Pages/Product.jsx, /src/index.css
8:53:06 AM [vite] (client) hmr update /src/Pages/About.jsx, /src/index.css
8:53:06 AM [vite] (client) hmr update /src/components/ProductItem.jsx, /src/index.css
8:53:06 AM [vite] (client) hmr update /src/Pages/Home.jsx, /src/index.css
